<?xml version="1.0" encoding="UTF-8"?>
<!-- Generated by org.testng.reporters.JUnitReportReporter -->
<testsuite skipped="0" hostname="DESKTOP-D24LUTC" name="test.Testclass" tests="1" failures="0" timestamp="14 Jun 2018 15:24:59 GMT" time="0.015" errors="0">
  <testcase name="build" time="0.015" classname="test.Testclass"/>
</testsuite> <!-- test.Testclass -->
